Arguments: 
  /usr/bin/node /usr/share/yarn/bin/yarn.js install

PATH: 
  /home/michael/.local/bin:/usr/local/sbin:/usr/local/bin:/usr/sbin:/usr/bin:/sbin:/bin:/usr/games:/usr/local/games:/mnt/c/Program Files/WindowsApps/CanonicalGroupLimited.Ubuntu20.04onWindows_2004.2020.812.0_x64__79rhkp1fndgsc:/mnt/c/Python38/:/mnt/c/Python39/:/mnt/c/Python27/:/mnt/c/Python27/Scripts:/mnt/c/Python39/Scripts/:/mnt/c/Program Files (x86)/Razer Chroma SDK/bin:/mnt/c/Program Files/Razer Chroma SDK/bin:/mnt/c/Python38/Scripts/:/mnt/c/Program Files (x86)/Razer/ChromaBroadcast/bin:/mnt/c/Program Files/Razer/ChromaBroadcast/bin:/mnt/c/Program Files (x86)/Common Files/Oracle/Java/javapath:/mnt/c/Program Files (x86)/Intel/Intel(R) Management Engine Components/iCLS/:/mnt/c/Program Files/Intel/Intel(R) Management Engine Components/iCLS/:/mnt/c/Windows/system32:/mnt/c/Windows:/mnt/c/Windows/System32/Wbem:/mnt/c/Windows/System32/WindowsPowerShell/v1.0/:/mnt/c/Program Files (x86)/Intel/Intel(R) Management Engine Components/DAL:/mnt/c/Program Files/Intel/Intel(R) Management Engine Components/DAL:/mnt/c/Program Files (x86)/Intel/Intel(R) Management Engine Components/IPT:/mnt/c/Program Files/Intel/Intel(R) Management Engine Components/IPT:/mnt/c/Program Files (x86)/NVIDIA Corporation/PhysX/Common:/mnt/c/WINDOWS/system32:/mnt/c/WINDOWS:/mnt/c/WINDOWS/System32/Wbem:/mnt/c/WINDOWS/System32/WindowsPowerShell/v1.0/:/mnt/c/WINDOWS/System32/OpenSSH/:/mnt/c/WINDOWS/system32/config/systemprofile/AppData/Local/Microsoft/WindowsApps:/mnt/c/ProgramData/chocolatey/bin:/mnt/c/Program Files/Git/cmd:/mnt/c/Users/micfa/AppData/Roaming/nvm:/mnt/c/Program Files/nodejs:/mnt/c/Program Files/nodejs/:/mnt/c/Program Files/NVIDIA Corporation/NVIDIA NvDLISR:/mnt/c/Program Files (x86)/PDFtk/bin/:/mnt/c/Program Files/dotnet/:/mnt/c/Users/micfa/AppData/Local/Microsoft/WindowsApps:/mnt/c/Users/micfa/AppData/Local/Programs/Microsoft VS Code/bin:/mnt/c/Users/micfa/AppData/Roaming/npm:/mnt/c/Users/micfa/.dotnet/tools:/snap/bin

Yarn version: 
  1.22.5

Node version: 
  10.19.0

Platform: 
  linux x64

Trace: 
  SyntaxError: /home/michael/B-YEP-500-MPL-5-1-area-yannick.combes/react_front/Area/package.json: Unexpected token } in JSON at position 1029
      at JSON.parse (<anonymous>)
      at /usr/share/yarn/lib/cli.js:1625:59
      at Generator.next (<anonymous>)
      at step (/usr/share/yarn/lib/cli.js:310:30)
      at /usr/share/yarn/lib/cli.js:321:13

npm manifest: 
  {
    "main": "node_modules/expo/AppEntry.js",
    "scripts": {
      "start": "expo start",
      "android": "expo start --android",
      "ios": "expo start --ios",
      "web": "expo start --web",
      "eject": "expo eject"
    },
    "dependencies": {
      "@react-navigation/native": "^5.9.2",
      "@react-navigation/stack": "^5.14.1",
      "@babel/plugin-proposal-class-properties": "^7.12.1",
      "@codler/react-native-keyboard-aware-scroll-view": "^1.0.1",
      "bootstrap": "^5.0.0-beta1",
      "customize-cra": "^1.0.0",
      "expo": "~40.0.0",
      "expo-app-loading": "^1.0.1",
      "expo-font": "~8.4.0",
      "expo-status-bar": "~1.0.3",
      "native-base": "^2.11",
      "react": "16.13.1",
      "react-app-rewired": "^2.1.8",
      "react-art": "^17.0.1",
      "react-dom": "16.13.1",
      "react-native": "https://github.com/expo/react-native/archive/sdk-40.0.1.tar.gz",
      "react-native-elements": "^3.1.0",
      "react-native-screens": "^2.15.2",
      "react-native-web": "~0.13.12",
      "react-native-keyboard-aware-scroll-view": "^0.9.3",
    },
    "devDependencies": {
      "@babel/core": "~7.9.0",
      "@expo/webpack-config": "^0.12.54",
      "@types/react": "~16.9.35",
      "@types/react-dom": "~16.9.8",
      "@types/react-native": "~0.63.2",
      "css-loader": "^5.0.1",
      "ts-loader": "^8.0.14",
      "typescript": "~4.0.0"
    },
    "private": true
  }

yarn manifest: 
  No manifest

Lockfile: 
  No lockfile
