[Mon Mar  1 17:33:15 2021][AREA][DEBUG] Area Manager started
[Mon Mar  1 17:34:07 2021][AREA][DEBUG] Loading database
[Mon Mar  1 17:34:07 2021][AREA][DEBUG] Append new area e3528b9e26d543d88bf5841f970a06f4
[Mon Mar  1 17:34:07 2021][AREA][DEBUG] Executing area e3528b9e26d543d88bf5841f970a06f4
[Mon Mar  1 17:34:07 2021][AREA][DEBUG] started
[Mon Mar  1 17:34:08 2021][AREA][DEBUG] Not authorized.
[Mon Mar  1 17:35:09 2021][AREA][DEBUG] Executing area e3528b9e26d543d88bf5841f970a06f4
[Mon Mar  1 17:35:10 2021][AREA][DEBUG] Not authorized.
[Mon Mar  1 17:36:12 2021][AREA][DEBUG] Executing area e3528b9e26d543d88bf5841f970a06f4
[Mon Mar  1 17:36:19 2021][AREA][DEBUG] Not authorized.
[Mon Mar  1 17:37:19 2021][AREA][DEBUG] Executing area e3528b9e26d543d88bf5841f970a06f4
[Mon Mar  1 17:37:22 2021][AREA][DEBUG] Not authorized.
[Mon Mar  1 17:38:22 2021][AREA][DEBUG] Executing area e3528b9e26d543d88bf5841f970a06f4
[Mon Mar  1 17:38:24 2021][AREA][DEBUG] Not authorized.
[Mon Mar  1 17:39:24 2021][AREA][DEBUG] Executing area e3528[Mon Mar  1 17:39:24 2021][A[Mon Mar  1 17:39:24 2021][AREA][DEBUG] Not authorized.
[Mon Mar  1 17:40:24 2021][AREA][DEBUG] Executing area e3528[Mon Mar  1 17:40:26 2021][AREA][DEBUG] Executing area e3528b9e26d543d88bf5841f970a0[Mon Mar  1 17:41:25 2021][AREA][DEBUG] Executing area e3528[Mon Mar  1 17:41:27 2021][AREA][DEBUG] Executing area e3528b9e26d543d88bf5841f970a0[Mon Mar  1 17:42:25 2021][AREA][DEBUG] Executing area e3528[Mon Mar  1 17:42:28 2021][AREA][DEBUG] Executing area e3528b9e26d543d88bf5841f970a0[Mon Mar  1 17:43:26 2021][AREA][DEBUG] Executing area e3528[Mon Mar  1 17:43:28 2021][AREA][DEBUG] Executing area e3528b9e26d543d88bf5841f970a0[Mon Mar  1 17:44:26 2021][AREA][DEBUG] Executing area e3528[Mon Mar  1 17:44:29 2021][AREA][DEBUG] Executing area e3528b9e26d543d88bf5841f970a0[Mon Mar  1 17:45:27 2021][AREA][DEBUG] Executing area e3528[Mon Mar  1 17:45:30 2021][AREA][DEBUG] Executing area e3528b9e26d543d88bf5841f970a0[Mon Mar  1 17:46:27 2021][AREA][DEBUG] Executing area e3528[Mon Mar  1 17:46:30 2021][AREA][DEBUG] Executing area e3528b9e26d543d88bf5841f970a0[Mon Mar  1 17:47:27 2021][AREA][DEBUG] Executing area e3528[Mon Mar  1 17:47:30 2021][AREA][DEBUG] Executing area e3528b9e26d543d88bf5841f970a0[Mon Mar  1 17:48:28 2021][AREA][DEBUG] Executing area e3528[Mon Mar  1 17:48:31 2021][AREA][DEBUG] Executing area e3528b9e26d543d88bf5841f970a0[Mon Mar  1 17:49:28 2021][AREA][DEBUG] Executing area e3528[Mon Mar  1 17:49:31 2021][AREA][DEBUG] Executing area e3528b9e26d543d88bf5841f970a0[Mon Mar  1 17:50:28 2021][AREA][DEBUG] Executing area e3528b9e26d543d88bf5841f970a06f4
[Mon Mar  1 17:50:29 2021][AREA][Mon Mar  1 17:50:31 202[Mon Mar  1 17:51:29 2021][AREA][DEBUG] Executing area e3528b9e26d543d88bf5841f970a06f4
[Mon Mar  1 17:51:29 2021][AREA][DEBUG] Not authorized.
[Mon Mar  1 17:52:29 2021][AREA][DEBUG] Executing area e3528b9e26d543d88bf5841f970a06f4
[Mon Mar  1 17:52:29 2021][AREA][DEBUG] Not authorized.
[Mon Mar  1 17:53:29 2021][AREA][DEBUG] Executing area e3528b9e26d543d88bf5841f970a06f4
[Mon Mar  1 17:53:30 2021][AREA][DEBUG] Not authorized.
[Mon Mar  1 17:54:30 2021][AREA][DEBUG] Executing area e3528b9e26d543d88bf5841f970a06f4
[Mon Mar  1 17:54:30 2021][AREA][DEBUG] Not authorized.
[Mon Mar  1 17:55:30 2021][AREA][DEBUG] Executing area e3528b9e26d543d88bf5841f970a06f4
[Mon Mar  1 17:55:30 2021][AREA][DEBUG] Not authorized.
[Mon Mar  1 17:56:30 2021][AREA][DEBUG] Executing area e3528b9e26d543d88bf5841f970a06f4
[Mon Mar  1 17:56:31 2021][AREA][DEBUG] Not authorized.
[Mon Mar  1 17:57:31 2021][AREA][DEBUG] Executing area e3528b9e26d543d88bf5841f970a06f4
[Mon Mar  1 17:57:31 2021][AREA][DEBUG] Not authorized.
[Mon Mar  1 17:58:31 2021][AREA][DEBUG] Executing area e3528b9e26d543d88bf5841f970a06f4
[Mon Mar  1 17:58:32 2021][AREA][DEBUG] Not authorized.
[Mon Mar  1 17:59:32 2021][AREA][DEBUG] Executing area e3528b9e26d543d88bf5841f970a06f4
[Mon Mar  1 17:59:32 2021][AREA][DEBUG] Not authorized.
[Mon Mar  1 18:00:32 2021][AREA][DEBUG] Executing area e3528b9e26d543d88bf5841f970a06f4
[Mon Mar  1 18:00:32 2021][AREA][DEBUG] Not authorized.
[Mon Mar  1 18:01:32 2021][AREA][DEBUG] Executing area e3528b9e26d543d88bf5841f970a06f4
[Mon Mar  1 18:01:33 2021][AREA][DEBUG] Not authorized.
[Mon Mar  1 18:02:33 2021][AREA][DEBUG] Executing area e3528b9e26d543d88bf5841f970a06f4
[Mon Mar  1 18:02:33 2021][AREA][DEBUG] Not authorized.
[Mon Mar  1 18:03:33 2021][AREA][DEBUG] Executing area e3528b9e26d543d88bf5841f970a06f4
[Mon Mar  1 18:03:34 2021][AREA][DEBUG] Not authorized.
[Mon Mar  1 18:04:34 2021][AREA][DEBUG] Executing area e3528b9e26d543d88bf5841f970a06f4
[Mon Mar  1 18:04:34 2021][AREA][DEBUG] Not authorized.
[Mon Mar  1 18:05:34 2021][AREA][DEBUG] Executing area e3528b9e26d543d88bf5841f970a06f4
[Mon Mar  1 18:05:34 2021][AREA][DEBUG] Not authorized.
[Mon Mar  1 18:06:34 2021][AREA][DEBUG] Executing area e3528b9e26d543d88bf5841f970a06f4
[Mon Mar  1 18:06:34 2021][AREA][DEBUG] Not authorized.
[Mon Mar  1 18:07:34 2021][AREA][DEBUG] Executing area e3528b9e26d543d88bf5841f970a06f4
[Mon Mar  1 18:07:35 2021][AREA][DEBUG] Not authorized.
[Mon Mar  1 18:08:35 2021][AREA][DEBUG] Executing area e3528b9e26d543d88bf5841f970a06f4
[Mon Mar  1 18:08:35 2021][AREA][DEBUG] Not authorized.
[Mon Mar  1 18:09:35 2021][AREA][DEBUG] Executing area e3528b9e26d543d88bf5841f970a06f4
[Mon Mar  1 18:09:35 2021][AREA][DEBUG] Not authorized.
[Mon Mar  1 18:10:35 2021][AREA][DEBUG] Executing area e3528b9e26d543d88bf5841f970a06f4
[Mon Mar  1 18:10:36 2021][AREA][DEBUG] Not authorized.
[Mon Mar  1 18:11:36 2021][AREA][DEBUG] Executing area e3528b9e26d543d88bf5841f970a06f4
[Mon Mar  1 18:11:36 2021][AREA][DEBUG] Not authorized.
[Mon Mar  1 18:12:36 2021][AREA][DEBUG] Executing area e3528b9e26d543d88bf5841f970a06f4
[Mon Mar  1 18:12:36 2021][AREA][DEBUG] Not authorized.
[Mon Mar  1 18:13:36 2021][AREA][DEBUG] Executing area e3528b9e26d543d88bf5841f970a06f4
[Mon Mar  1 18:13:37 2021][AREA][DEBUG] Not authorized.
[Mon Mar  1 18:14:37 2021][AREA][DEBUG] Executing area e3528b9e26d543d88bf5841f970a06f4
[Mon Mar  1 18:14:37 2021][AREA][DEBUG] Not authorized.
[Mon Mar  1 18:15:37 2021][AREA][DEBUG] Executing area e3528b9e26d543d88bf5841f970a06f4
[Mon Mar  1 18:15:38 2021][AREA][DEBUG] Not authorized.
[Mon Mar  1 18:16:38 2021][AREA][DEBUG] Executing area e3528b9e26d543d88bf5841f970a06f4
[Mon Mar  1 18:16:38 2021][AREA][DEBUG] Not authorized.
[Mon Mar  1 18:17:38 2021][AREA][DEBUG] Executing area e3528b9e26d543d88bf5841f970a06f4
[Mon Mar  1 18:17:38 2021][AREA][DEBUG] Not authorized.
[Mon Mar  1 18:18:38 2021][AREA][DEBUG] Executing area e3528b9e26d543d88bf5841f970a06f4
[Mon Mar  1 18:18:38 2021][AREA][DEBUG] Not authorized.
[Mon Mar  1 18:19:38 2021][AREA][DEBUG] Executing area e3528b9e26d543d88bf5841f970a06f4
[Mon Mar  1 18:19:39 2021][AREA][DEBUG] Not authorized.
[Mon Mar  1 18:20:39 2021][AREA][DEBUG] Executing area e3528b9e26d543d88bf5841f970a06f4
[Mon Mar  1 18:20:39 2021][AREA][DEBUG] Not authorized.
[Mon Mar  1 18:21:39 2021][AREA][DEBUG] Executing area e3528b9e26d543d88bf5841f970a06f4
[Mon Mar  1 18:21:39 2021][AREA][DEBUG] Not authorized.
6f4
[Mon Mar  1 18:16:40 2021][AREA][DEBUG] Not authorized.
[Mon Mar  1 18:17:40 2021][AREA][DEBUG] Executing area e3528b9e26d543d88bf5841f970a06f4
[Mon Mar  1 18:17:40 2021][AREA][DEBUG] Not authorized.
[Mon Mar  1 18:18:40 2021][AREA][DEBUG] Executing area e3528b9e26d543d88bf5841f970a06f4
[Mon Mar  1 18:18:40 2021][AREA][DEBUG] Not authorized.
[Mon Mar  1 18:19:40 2021][AREA][DEBUG] Executing area e3528b9e26d543d88bf5841f970a06f4
[Mon Mar  1 18:19:41 2021][AREA][DEBUG] Not authorized.
[Mon Mar  1 18:20:41 2021][AREA][DEBUG] Executing area e3528b9e26d543d88bf5841f970a06f4
[Mon Mar  1 18:20:41 2021][AREA][DEBUG] Not authorized.
[Mon Mar  1 18:21:41 2021][AREA][DEBUG] Executing area e3528b9e26d543d88bf5841f970a06f4
[Mon Mar  1 18:21:41 2021][AREA][DEBUG] Not authorized.
